{
  "0 debug pnpm:scope": {
    "selected": 1
  },
  "1 debug pnpm:package-manifest": {
    "initial": {
      "name": "planets-app",
      "private": true,
      "version": "1.0.0",
      "engines": {
        "node": "^10.13 || 12 || 14 || 15",
        "npm": ">=6"
      },
      "dependencies": {
        "@craco/craco": "6.1.1",
        "@testing-library/jest-dom": "5.11.9",
        "@testing-library/react": "11.2.5",
        "@testing-library/user-event": "12.6.2",
        "chalk": "4.1.0",
        "jest-styled-components": "7.0.5",
        "react": "17.0.1",
        "react-dom": "17.0.1",
        "react-slick": "0.28.1",
        "styled-components": "5.3.0"
      },
      "devDependencies": {
        "babel-plugin-styled-components": "1.13.2",
        "eslint-config-airbnb": "18.2.1",
        "eslint-config-prettier": "8.1.0",
        "eslint-plugin-prettier": "3.3.1",
        "husky": "4.3.8",
        "lint-staged": "10.5.4",
        "npm-run-all": "4.1.5",
        "prettier": "2.2.1",
        "react-scripts": "4.0.3"
      },
      "scripts": {
        "start": "craco start",
        "build": "craco build",
        "test": "craco test",
        "lint": "eslint .",
        "lint:fix": "eslint --fix src/",
        "format": "prettier --write \"./src\"",
        "run-all": "npm-run-all --parallel test lint:fix"
      },
      "lint-staged": {
        "*.js": [
          "npm run lint:fix"
        ],
        "*.{js, jsx, json, html, css}": [
          "npm run format"
        ]
      },
      "husky": {
        "hooks": {
          "pre-commit": "lint-staged"
        }
      },
      "jest": {
        "collectCoverageFrom": [
          "src/**/*.js"
        ]
      },
      "browserslist": {
        "development": [
          "last 2 chrome versions",
          "last 2 firefox versions",
          "last 2 edge versions"
        ],
        "production": [
          ">1%",
          "last 4 versions",
          "Firefox ESR",
          "not ie < 11"
        ]
      }
    },
    "prefix": "/home/workspace/reactjs/coding-practices/planetsApp"
  },
  "2 debug pnpm:context": {
    "currentLockfileExists": false,
    "storeDir": "/home/workspace/.pnpm-store/v3",
    "virtualStoreDir": "/home/workspace/reactjs/coding-practices/planetsApp/node_modules/.pnpm"
  },
  "3 debug pnpm:stage": {
    "prefix": "/home/workspace/reactjs/coding-practices/planetsApp",
    "stage": "resolution_started"
  },
  "4 debug pnpm:_dependency_resolved": {
    "resolution": "registry.npmjs.org/eslint-config-airbnb/18.2.1",
    "wanted": {
      "dependentId": ".",
      "name": "eslint-config-airbnb",
      "rawSpec": "18.2.1"
    }
  },
  "5 debug pnpm:progress": {
    "packageId": "registry.npmjs.org/eslint-config-airbnb/18.2.1",
    "requester": "/home/workspace/reactjs/coding-practices/planetsApp",
    "status": "resolved"
  },
  "6 debug pnpm:_dependency_resolved": {
    "resolution": "registry.npmjs.org/eslint-config-prettier/8.1.0",
    "wanted": {
      "dependentId": ".",
      "name": "eslint-config-prettier",
      "rawSpec": "8.1.0"
    }
  },
  "7 debug pnpm:progress": {
    "packageId": "registry.npmjs.org/eslint-config-prettier/8.1.0",
    "requester": "/home/workspace/reactjs/coding-practices/planetsApp",
    "status": "resolved"
  },
  "8 debug pnpm:_dependency_resolved": {
    "resolution": "registry.npmjs.org/husky/4.3.8",
    "wanted": {
      "dependentId": ".",
      "name": "husky",
      "rawSpec": "4.3.8"
    }
  },
  "9 debug pnpm:progress": {
    "packageId": "registry.npmjs.org/husky/4.3.8",
    "requester": "/home/workspace/reactjs/coding-practices/planetsApp",
    "status": "resolved"
  },
  "10 debug pnpm:_dependency_resolved": {
    "resolution": "registry.npmjs.org/eslint-plugin-prettier/3.3.1",
    "wanted": {
      "dependentId": ".",
      "name": "eslint-plugin-prettier",
      "rawSpec": "3.3.1"
    }
  },
  "11 debug pnpm:progress": {
    "packageId": "registry.npmjs.org/eslint-plugin-prettier/3.3.1",
    "requester": "/home/workspace/reactjs/coding-practices/planetsApp",
    "status": "resolved"
  },
  "12 debug pnpm:_dependency_resolved": {
    "resolution": "registry.npmjs.org/npm-run-all/4.1.5",
    "wanted": {
      "dependentId": ".",
      "name": "npm-run-all",
      "rawSpec": "4.1.5"
    }
  },
  "13 debug pnpm:progress": {
    "packageId": "registry.npmjs.org/npm-run-all/4.1.5",
    "requester": "/home/workspace/reactjs/coding-practices/planetsApp",
    "status": "resolved"
  },
  "14 debug pnpm:_dependency_resolved": {
    "resolution": "registry.npmjs.org/react-scripts/4.0.3",
    "wanted": {
      "dependentId": ".",
      "name": "react-scripts",
      "rawSpec": "4.0.3"
    }
  },
  "15 debug pnpm:progress": {
    "packageId": "registry.npmjs.org/react-scripts/4.0.3",
    "requester": "/home/workspace/reactjs/coding-practices/planetsApp",
    "status": "resolved"
  },
  "16 debug pnpm:_dependency_resolved": {
    "resolution": "registry.npmjs.org/@craco/craco/6.1.1",
    "wanted": {
      "dependentId": ".",
      "name": "@craco/craco",
      "rawSpec": "6.1.1"
    }
  },
  "17 debug pnpm:progress": {
    "packageId": "registry.npmjs.org/@craco/craco/6.1.1",
    "requester": "/home/workspace/reactjs/coding-practices/planetsApp",
    "status": "resolved"
  },
  "18 debug pnpm:_dependency_resolved": {
    "resolution": "registry.npmjs.org/prettier/2.2.1",
    "wanted": {
      "dependentId": ".",
      "name": "prettier",
      "rawSpec": "2.2.1"
    }
  },
  "19 debug pnpm:progress": {
    "packageId": "registry.npmjs.org/prettier/2.2.1",
    "requester": "/home/workspace/reactjs/coding-practices/planetsApp",
    "status": "resolved"
  },
  "20 debug pnpm:_dependency_resolved": {
    "resolution": "registry.npmjs.org/chalk/4.1.0",
    "wanted": {
      "dependentId": ".",
      "name": "chalk",
      "rawSpec": "4.1.0"
    }
  },
  "21 debug pnpm:progress": {
    "packageId": "registry.npmjs.org/chalk/4.1.0",
    "requester": "/home/workspace/reactjs/coding-practices/planetsApp",
    "status": "resolved"
  },
  "22 debug pnpm:_dependency_resolved": {
    "resolution": "registry.npmjs.org/lint-staged/10.5.4",
    "wanted": {
      "dependentId": ".",
      "name": "lint-staged",
      "rawSpec": "10.5.4"
    }
  },
  "23 debug pnpm:progress": {
    "packageId": "registry.npmjs.org/lint-staged/10.5.4",
    "requester": "/home/workspace/reactjs/coding-practices/planetsApp",
    "status": "resolved"
  },
  "24 debug pnpm:_dependency_resolved": {
    "resolution": "registry.npmjs.org/@testing-library/user-event/12.6.2",
    "wanted": {
      "dependentId": ".",
      "name": "@testing-library/user-event",
      "rawSpec": "12.6.2"
    }
  },
  "25 debug pnpm:progress": {
    "packageId": "registry.npmjs.org/@testing-library/user-event/12.6.2",
    "requester": "/home/workspace/reactjs/coding-practices/planetsApp",
    "status": "resolved"
  },
  "26 debug pnpm:_dependency_resolved": {
    "resolution": "registry.npmjs.org/@testing-library/jest-dom/5.11.9",
    "wanted": {
      "dependentId": ".",
      "name": "@testing-library/jest-dom",
      "rawSpec": "5.11.9"
    }
  },
  "27 debug pnpm:progress": {
    "packageId": "registry.npmjs.org/@testing-library/jest-dom/5.11.9",
    "requester": "/home/workspace/reactjs/coding-practices/planetsApp",
    "status": "resolved"
  },
  "28 debug pnpm:_dependency_resolved": {
    "resolution": "registry.npmjs.org/@testing-library/react/11.2.5",
    "wanted": {
      "dependentId": ".",
      "name": "@testing-library/react",
      "rawSpec": "11.2.5"
    }
  },
  "29 debug pnpm:progress": {
    "packageId": "registry.npmjs.org/@testing-library/react/11.2.5",
    "requester": "/home/workspace/reactjs/coding-practices/planetsApp",
    "status": "resolved"
  },
  "30 debug pnpm:_dependency_resolved": {
    "resolution": "registry.npmjs.org/jest-styled-components/7.0.5",
    "wanted": {
      "dependentId": ".",
      "name": "jest-styled-components",
      "rawSpec": "7.0.5"
    }
  },
  "31 debug pnpm:progress": {
    "packageId": "registry.npmjs.org/jest-styled-components/7.0.5",
    "requester": "/home/workspace/reactjs/coding-practices/planetsApp",
    "status": "resolved"
  },
  "32 debug pnpm:_dependency_resolved": {
    "resolution": "registry.npmjs.org/babel-plugin-styled-components/1.13.2",
    "wanted": {
      "dependentId": ".",
      "name": "babel-plugin-styled-components",
      "rawSpec": "1.13.2"
    }
  },
  "33 debug pnpm:progress": {
    "packageId": "registry.npmjs.org/babel-plugin-styled-components/1.13.2",
    "requester": "/home/workspace/reactjs/coding-practices/planetsApp",
    "status": "resolved"
  },
  "34 debug pnpm:_dependency_resolved": {
    "resolution": "registry.npmjs.org/react/17.0.1",
    "wanted": {
      "dependentId": ".",
      "name": "react",
      "rawSpec": "17.0.1"
    }
  },
  "35 debug pnpm:progress": {
    "packageId": "registry.npmjs.org/react/17.0.1",
    "requester": "/home/workspace/reactjs/coding-practices/planetsApp",
    "status": "resolved"
  },
  "36 debug pnpm:_dependency_resolved": {
    "resolution": "registry.npmjs.org/styled-components/5.3.0",
    "wanted": {
      "dependentId": ".",
      "name": "styled-components",
      "rawSpec": "5.3.0"
    }
  },
  "37 debug pnpm:progress": {
    "packageId": "registry.npmjs.org/styled-components/5.3.0",
    "requester": "/home/workspace/reactjs/coding-practices/planetsApp",
    "status": "resolved"
  },
  "38 debug pnpm:_dependency_resolved": {
    "resolution": "registry.npmjs.org/react-dom/17.0.1",
    "wanted": {
      "dependentId": ".",
      "name": "react-dom",
      "rawSpec": "17.0.1"
    }
  },
  "39 debug pnpm:progress": {
    "packageId": "registry.npmjs.org/react-dom/17.0.1",
    "requester": "/home/workspace/reactjs/coding-practices/planetsApp",
    "status": "resolved"
  },
  "40 debug pnpm:progress": {
    "packageId": "registry.npmjs.org/eslint-config-airbnb/18.2.1",
    "requester": "/home/workspace/reactjs/coding-practices/planetsApp",
    "status": "found_in_store"
  },
  "41 debug pnpm:progress": {
    "packageId": "registry.npmjs.org/eslint-config-prettier/8.1.0",
    "requester": "/home/workspace/reactjs/coding-practices/planetsApp",
    "status": "found_in_store"
  },
  "42 debug pnpm:progress": {
    "packageId": "registry.npmjs.org/husky/4.3.8",
    "requester": "/home/workspace/reactjs/coding-practices/planetsApp",
    "status": "found_in_store"
  },
  "43 debug pnpm:progress": {
    "packageId": "registry.npmjs.org/npm-run-all/4.1.5",
    "requester": "/home/workspace/reactjs/coding-practices/planetsApp",
    "status": "found_in_store"
  },
  "44 debug pnpm:progress": {
    "packageId": "registry.npmjs.org/eslint-plugin-prettier/3.3.1",
    "requester": "/home/workspace/reactjs/coding-practices/planetsApp",
    "status": "found_in_store"
  },
  "45 debug pnpm:progress": {
    "packageId": "registry.npmjs.org/@craco/craco/6.1.1",
    "requester": "/home/workspace/reactjs/coding-practices/planetsApp",
    "status": "found_in_store"
  },
  "46 debug pnpm:progress": {
    "packageId": "registry.npmjs.org/react-scripts/4.0.3",
    "requester": "/home/workspace/reactjs/coding-practices/planetsApp",
    "status": "found_in_store"
  },
  "47 debug pnpm:progress": {
    "packageId": "registry.npmjs.org/chalk/4.1.0",
    "requester": "/home/workspace/reactjs/coding-practices/planetsApp",
    "status": "found_in_store"
  },
  "48 debug pnpm:progress": {
    "packageId": "registry.npmjs.org/lint-staged/10.5.4",
    "requester": "/home/workspace/reactjs/coding-practices/planetsApp",
    "status": "found_in_store"
  },
  "49 debug pnpm:progress": {
    "packageId": "registry.npmjs.org/prettier/2.2.1",
    "requester": "/home/workspace/reactjs/coding-practices/planetsApp",
    "status": "found_in_store"
  },
  "50 debug pnpm:progress": {
    "packageId": "registry.npmjs.org/@testing-library/user-event/12.6.2",
    "requester": "/home/workspace/reactjs/coding-practices/planetsApp",
    "status": "found_in_store"
  },
  "51 debug pnpm:progress": {
    "packageId": "registry.npmjs.org/@testing-library/jest-dom/5.11.9",
    "requester": "/home/workspace/reactjs/coding-practices/planetsApp",
    "status": "found_in_store"
  },
  "52 debug pnpm:progress": {
    "packageId": "registry.npmjs.org/@testing-library/react/11.2.5",
    "requester": "/home/workspace/reactjs/coding-practices/planetsApp",
    "status": "found_in_store"
  },
  "53 debug pnpm:progress": {
    "packageId": "registry.npmjs.org/react/17.0.1",
    "requester": "/home/workspace/reactjs/coding-practices/planetsApp",
    "status": "found_in_store"
  },
  "54 debug pnpm:progress": {
    "packageId": "registry.npmjs.org/react-dom/17.0.1",
    "requester": "/home/workspace/reactjs/coding-practices/planetsApp",
    "status": "found_in_store"
  },
  "55 debug pnpm:fetching-progress": {
    "attempt": 1,
    "packageId": "registry.npmjs.org/babel-plugin-styled-components/1.13.2",
    "size": 10993,
    "status": "started"
  },
  "56 debug pnpm:fetching-progress": {
    "attempt": 1,
    "packageId": "registry.npmjs.org/jest-styled-components/7.0.5",
    "size": 11838,
    "status": "started"
  },
  "57 debug pnpm:fetching-progress": {
    "attempt": 1,
    "packageId": "registry.npmjs.org/styled-components/5.3.0",
    "size": 294261,
    "status": "started"
  },
  "58 debug pnpm:progress": {
    "packageId": "registry.npmjs.org/babel-plugin-styled-components/1.13.2",
    "requester": "/home/workspace/reactjs/coding-practices/planetsApp",
    "status": "fetched"
  },
  "59 debug pnpm:progress": {
    "packageId": "registry.npmjs.org/jest-styled-components/7.0.5",
    "requester": "/home/workspace/reactjs/coding-practices/planetsApp",
    "status": "fetched"
  },
  "60 debug pnpm:progress": {
    "packageId": "registry.npmjs.org/styled-components/5.3.0",
    "requester": "/home/workspace/reactjs/coding-practices/planetsApp",
    "status": "fetched"
  },
  "61 debug pnpm:_dependency_resolved": {
    "resolution": "registry.npmjs.org/react-slick/0.28.1",
    "wanted": {
      "dependentId": ".",
      "name": "react-slick",
      "rawSpec": "0.28.1"
    }
  },
  "62 debug pnpm:progress": {
    "packageId": "registry.npmjs.org/react-slick/0.28.1",
    "requester": "/home/workspace/reactjs/coding-practices/planetsApp",
    "status": "resolved"
  },
  "63 debug pnpm:_dependency_resolved": {
    "resolution": "registry.npmjs.org/object.entries/1.1.6",
    "wanted": {
      "dependentId": "/eslint-config-airbnb/18.2.1",
      "name": "object.entries",
      "rawSpec": "^1.1.2"
    }
  },
  "64 debug pnpm:progress": {
    "packageId": "registry.npmjs.org/object.entries/1.1.6",
    "requester": "/home/workspace/reactjs/coding-practices/planetsApp",
    "status": "resolved"
  },
  "65 debug pnpm:_dependency_resolved": {
    "resolution": "registry.npmjs.org/object.assign/4.1.4",
    "wanted": {
      "dependentId": "/eslint-config-airbnb/18.2.1",
      "name": "object.assign",
      "rawSpec": "^4.1.2"
    }
  },
  "66 debug pnpm:progress": {
    "packageId": "registry.npmjs.org/object.assign/4.1.4",
    "requester": "/home/workspace/reactjs/coding-practices/planetsApp",
    "status": "resolved"
  },
  "67 debug pnpm:_dependency_resolved": {
    "resolution": "registry.npmjs.org/chalk/4.1.0",
    "wanted": {
      "dependentId": "/husky/4.3.8",
      "name": "chalk",
      "rawSpec": "^4.0.0"
    }
  },
  "68 debug pnpm:_dependency_resolved": {
    "resolution": "registry.npmjs.org/chalk/2.4.2",
    "wanted": {
      "dependentId": "/npm-run-all/4.1.5",
      "name": "chalk",
      "rawSpec": "^2.4.1"
    }
  },
  "69 debug pnpm:progress": {
    "packageId": "registry.npmjs.org/chalk/2.4.2",
    "requester": "/home/workspace/reactjs/coding-practices/planetsApp",
    "status": "resolved"
  },
  "70 debug pnpm:_dependency_resolved": {
    "resolution": "registry.npmjs.org/eslint-config-airbnb-base/14.2.1",
    "wanted": {
      "dependentId": "/eslint-config-airbnb/18.2.1",
      "name": "eslint-config-airbnb-base",
      "rawSpec": "^14.2.1"
    }
  },
  "71 debug pnpm:progress": {
    "packageId": "registry.npmjs.org/eslint-config-airbnb-base/14.2.1",
    "requester": "/home/workspace/reactjs/coding-practices/planetsApp",
    "status": "resolved"
  },
  "72 debug pnpm:progress": {
    "packageId": "registry.npmjs.org/object.entries/1.1.6",
    "requester": "/home/workspace/reactjs/coding-practices/planetsApp",
    "status": "found_in_store"
  },
  "73 debug pnpm:progress": {
    "packageId": "registry.npmjs.org/object.assign/4.1.4",
    "requester": "/home/workspace/reactjs/coding-practices/planetsApp",
    "status": "found_in_store"
  },
  "74 debug pnpm:progress": {
    "packageId": "registry.npmjs.org/chalk/2.4.2",
    "requester": "/home/workspace/reactjs/coding-practices/planetsApp",
    "status": "found_in_store"
  },
  "75 debug pnpm:progress": {
    "packageId": "registry.npmjs.org/eslint-config-airbnb-base/14.2.1",
    "requester": "/home/workspace/reactjs/coding-practices/planetsApp",
    "status": "found_in_store"
  },
  "76 debug pnpm:fetching-progress": {
    "attempt": 1,
    "packageId": "registry.npmjs.org/react-slick/0.28.1",
    "size": 185827,
    "status": "started"
  },
  "77 debug pnpm:_dependency_resolved": {
    "resolution": "registry.npmjs.org/memorystream/0.3.1",
    "wanted": {
      "dependentId": "/npm-run-all/4.1.5",
      "name": "memorystream",
      "rawSpec": "^0.3.1"
    }
  },
  "78 debug pnpm:progress": {
    "packageId": "registry.npmjs.org/memorystream/0.3.1",
    "requester": "/home/workspace/reactjs/coding-practices/planetsApp",
    "status": "resolved"
  },
  "79 debug pnpm:progress": {
    "packageId": "registry.npmjs.org/memorystream/0.3.1",
    "requester": "/home/workspace/reactjs/coding-practices/planetsApp",
    "status": "found_in_store"
  },
  "80 debug pnpm:_dependency_resolved": {
    "resolution": "registry.npmjs.org/cross-spawn/6.0.5",
    "wanted": {
      "dependentId": "/npm-run-all/4.1.5",
      "name": "cross-spawn",
      "rawSpec": "^6.0.5"
    }
  },
  "81 debug pnpm:progress": {
    "packageId": "registry.npmjs.org/cross-spawn/6.0.5",
    "requester": "/home/workspace/reactjs/coding-practices/planetsApp",
    "status": "resolved"
  },
  "82 debug pnpm:progress": {
    "packageId": "registry.npmjs.org/cross-spawn/6.0.5",
    "requester": "/home/workspace/reactjs/coding-practices/planetsApp",
    "status": "found_in_store"
  },
  "83 debug pnpm:_dependency_resolved": {
    "resolution": "registry.npmjs.org/prettier-linter-helpers/1.0.0",
    "wanted": {
      "dependentId": "/eslint-plugin-prettier/3.3.1",
      "name": "prettier-linter-helpers",
      "rawSpec": "^1.0.0"
    }
  },
  "84 debug pnpm:progress": {
    "packageId": "registry.npmjs.org/prettier-linter-helpers/1.0.0",
    "requester": "/home/workspace/reactjs/coding-practices/planetsApp",
    "status": "resolved"
  },
  "85 debug pnpm:progress": {
    "packageId": "registry.npmjs.org/prettier-linter-helpers/1.0.0",
    "requester": "/home/workspace/reactjs/coding-practices/planetsApp",
    "status": "found_in_store"
  },
  "86 debug pnpm:_dependency_resolved": {
    "resolution": "registry.npmjs.org/opencollective-postinstall/2.0.3",
    "wanted": {
      "dependentId": "/husky/4.3.8",
      "name": "opencollective-postinstall",
      "rawSpec": "^2.0.2"
    }
  },
  "87 debug pnpm:progress": {
    "packageId": "registry.npmjs.org/opencollective-postinstall/2.0.3",
    "requester": "/home/workspace/reactjs/coding-practices/planetsApp",
    "status": "resolved"
  },
  "88 debug pnpm:_dependency_resolved": {
    "resolution": "registry.npmjs.org/slash/3.0.0",
    "wanted": {
      "dependentId": "/husky/4.3.8",
      "name": "slash",
      "rawSpec": "^3.0.0"
    }
  },
  "89 debug pnpm:progress": {
    "packageId": "registry.npmjs.org/slash/3.0.0",
    "requester": "/home/workspace/reactjs/coding-practices/planetsApp",
    "status": "resolved"
  },
  "90 debug pnpm:_dependency_resolved": {
    "resolution": "registry.npmjs.org/@babel/core/7.12.3",
    "wanted": {
      "dependentId": "/react-scripts/4.0.3",
      "name": "@babel/core",
      "rawSpec": "7.12.3"
    }
  },
  "91 debug pnpm:progress": {
    "packageId": "registry.npmjs.org/@babel/core/7.12.3",
    "requester": "/home/workspace/reactjs/coding-practices/planetsApp",
    "status": "resolved"
  },
  "92 debug pnpm:progress": {
    "packageId": "registry.npmjs.org/opencollective-postinstall/2.0.3",
    "requester": "/home/workspace/reactjs/coding-practices/planetsApp",
    "status": "found_in_store"
  },
  "93 debug pnpm:progress": {
    "packageId": "registry.npmjs.org/slash/3.0.0",
    "requester": "/home/workspace/reactjs/coding-practices/planetsApp",
    "status": "found_in_store"
  },
  "94 debug pnpm:progress": {
    "packageId": "registry.npmjs.org/@babel/core/7.12.3",
    "requester": "/home/workspace/reactjs/coding-practices/planetsApp",
    "status": "found_in_store"
  },
  "95 debug pnpm:_dependency_resolved": {
    "resolution": "registry.npmjs.org/@pmmmwh/react-refresh-webpack-plugin/0.4.3",
    "wanted": {
      "dependentId": "/react-scripts/4.0.3",
      "name": "@pmmmwh/react-refresh-webpack-plugin",
      "rawSpec": "0.4.3"
    }
  },
  "96 debug pnpm:progress": {
    "packageId": "registry.npmjs.org/@pmmmwh/react-refresh-webpack-plugin/0.4.3",
    "requester": "/home/workspace/reactjs/coding-practices/planetsApp",
    "status": "resolved"
  },
  "97 debug pnpm:_dependency_resolved": {
    "resolution": "registry.npmjs.org/@svgr/webpack/5.5.0",
    "wanted": {
      "dependentId": "/react-scripts/4.0.3",
      "name": "@svgr/webpack",
      "rawSpec": "5.5.0"
    }
  },
  "98 debug pnpm:progress": {
    "packageId": "registry.npmjs.org/@svgr/webpack/5.5.0",
    "requester": "/home/workspace/reactjs/coding-practices/planetsApp",
    "status": "resolved"
  },
  "99 debug pnpm:progress": {
    "packageId": "registry.npmjs.org/@pmmmwh/react-refresh-webpack-plugin/0.4.3",
    "requester": "/home/workspace/reactjs/coding-practices/planetsApp",
    "status": "found_in_store"
  },
  "100 debug pnpm:progress": {
    "packageId": "registry.npmjs.org/@svgr/webpack/5.5.0",
    "requester": "/home/workspace/reactjs/coding-practices/planetsApp",
    "status": "found_in_store"
  },
  "101 debug pnpm:_dependency_resolved": {
    "resolution": "registry.npmjs.org/compare-versions/3.6.0",
    "wanted": {
      "dependentId": "/husky/4.3.8",
      "name": "compare-versions",
      "rawSpec": "^3.6.0"
    }
  },
  "102 debug pnpm:progress": {
    "packageId": "registry.npmjs.org/compare-versions/3.6.0",
    "requester": "/home/workspace/reactjs/coding-practices/planetsApp",
    "status": "resolved"
  },
  "103 debug pnpm:_dependency_resolved": {
    "resolution": "registry.npmjs.org/pidtree/0.3.1",
    "wanted": {
      "dependentId": "/npm-run-all/4.1.5",
      "name": "pidtree",
      "rawSpec": "^0.3.0"
    }
  },
  "104 debug pnpm:progress": {
    "packageId": "registry.npmjs.org/pidtree/0.3.1",
    "requester": "/home/workspace/reactjs/coding-practices/planetsApp",
    "status": "resolved"
  },
  "105 debug pnpm:_dependency_resolved": {
    "resolution": "registry.npmjs.org/pkg-dir/5.0.0",
    "wanted": {
      "dependentId": "/husky/4.3.8",
      "name": "pkg-dir",
      "rawSpec": "^5.0.0"
    }
  },
  "106 debug pnpm:progress": {
    "packageId": "registry.npmjs.org/pkg-dir/5.0.0",
    "requester": "/home/workspace/reactjs/coding-practices/planetsApp",
    "status": "resolved"
  },
  "107 debug pnpm:progress": {
    "packageId": "registry.npmjs.org/compare-versions/3.6.0",
    "requester": "/home/workspace/reactjs/coding-practices/planetsApp",
    "status": "found_in_store"
  },
  "108 debug pnpm:progress": {
    "packageId": "registry.npmjs.org/pidtree/0.3.1",
    "requester": "/home/workspace/reactjs/coding-practices/planetsApp",
    "status": "found_in_store"
  },
  "109 debug pnpm:progress": {
    "packageId": "registry.npmjs.org/pkg-dir/5.0.0",
    "requester": "/home/workspace/reactjs/coding-practices/planetsApp",
    "status": "found_in_store"
  },
  "110 debug pnpm:_dependency_resolved": {
    "resolution": "registry.npmjs.org/which-pm-runs/1.1.0",
    "wanted": {
      "dependentId": "/husky/4.3.8",
      "name": "which-pm-runs",
      "rawSpec": "^1.0.0"
    }
  },
  "111 debug pnpm:progress": {
    "packageId": "registry.npmjs.org/which-pm-runs/1.1.0",
    "requester": "/home/workspace/reactjs/coding-practices/planetsApp",
    "status": "resolved"
  },
  "112 debug pnpm:_dependency_resolved": {
    "resolution": "registry.npmjs.org/please-upgrade-node/3.2.0",
    "wanted": {
      "dependentId": "/husky/4.3.8",
      "name": "please-upgrade-node",
      "rawSpec": "^3.2.0"
    }
  },
  "113 debug pnpm:progress": {
    "packageId": "registry.npmjs.org/please-upgrade-node/3.2.0",
    "requester": "/home/workspace/reactjs/coding-practices/planetsApp",
    "status": "resolved"
  },
  "114 debug pnpm:_dependency_resolved": {
    "resolution": "registry.npmjs.org/read-pkg/3.0.0",
    "wanted": {
      "dependentId": "/npm-run-all/4.1.5",
      "name": "read-pkg",
      "rawSpec": "^3.0.0"
    }
  },
  "115 debug pnpm:progress": {
    "packageId": "registry.npmjs.org/read-pkg/3.0.0",
    "requester": "/home/workspace/reactjs/coding-practices/planetsApp",
    "status": "resolved"
  },
  "116 debug pnpm:_dependency_resolved": {
    "resolution": "registry.npmjs.org/ci-info/2.0.0",
    "wanted": {
      "dependentId": "/husky/4.3.8",
      "name": "ci-info",
      "rawSpec": "^2.0.0"
    }
  },
  "117 debug pnpm:progress": {
    "packageId": "registry.npmjs.org/ci-info/2.0.0",
    "requester": "/home/workspace/reactjs/coding-practices/planetsApp",
    "status": "resolved"
  },
  "118 debug pnpm:_dependency_resolved": {
    "resolution": "registry.npmjs.org/find-versions/4.0.0",
    "wanted": {
      "dependentId": "/husky/4.3.8",
      "name": "find-versions",
      "rawSpec": "^4.0.0"
    }
  },
  "119 debug pnpm:progress": {
    "packageId": "registry.npmjs.org/find-versions/4.0.0",
    "requester": "/home/workspace/reactjs/coding-practices/planetsApp",
    "status": "resolved"
  },
  "120 debug pnpm:_dependency_resolved": {
    "resolution": "registry.npmjs.org/shell-quote/1.8.1",
    "wanted": {
      "dependentId": "/npm-run-all/4.1.5",
      "name": "shell-quote",
      "rawSpec": "^1.6.1"
    }
  },
  "121 debug pnpm:progress": {
    "packageId": "registry.npmjs.org/shell-quote/1.8.1",
    "requester": "/home/workspace/reactjs/coding-practices/planetsApp",
    "status": "resolved"
  },
  "122 debug pnpm:_dependency_resolved": {
    "resolution": "registry.npmjs.org/babel-loader/8.1.0",
    "wanted": {
      "dependentId": "/react-scripts/4.0.3",
      "name": "babel-loader",
      "rawSpec": "8.1.0"
    }
  },
  "123 debug pnpm:progress": {
    "packageId": "registry.npmjs.org/babel-loader/8.1.0",
    "requester": "/home/workspace/reactjs/coding-practices/planetsApp",
    "status": "resolved"
  },
  "124 debug pnpm:_dependency_resolved": {
    "resolution": "registry.npmjs.org/case-sensitive-paths-webpack-plugin/2.3.0",
    "wanted": {
      "dependentId": "/react-scripts/4.0.3",
      "name": "case-sensitive-paths-webpack-plugin",
      "rawSpec": "2.3.0"
    }
  },
  "125 debug pnpm:progress": {
    "packageId": "registry.npmjs.org/case-sensitive-paths-webpack-plugin/2.3.0",
    "requester": "/home/workspace/reactjs/coding-practices/planetsApp",
    "status": "resolved"
  },
  "126 debug pnpm:progress": {
    "packageId": "registry.npmjs.org/which-pm-runs/1.1.0",
    "requester": "/home/workspace/reactjs/coding-practices/planetsApp",
    "status": "found_in_store"
  },
  "127 debug pnpm:progress": {
    "packageId": "registry.npmjs.org/please-upgrade-node/3.2.0",
    "requester": "/home/workspace/reactjs/coding-practices/planetsApp",
    "status": "found_in_store"
  },
  "128 debug pnpm:progress": {
    "packageId": "registry.npmjs.org/read-pkg/3.0.0",
    "requester": "/home/workspace/reactjs/coding-practices/planetsApp",
    "status": "found_in_store"
  },
  "129 debug pnpm:_dependency_resolved": {
    "resolution": "registry.npmjs.org/css-loader/4.3.0",
    "wanted": {
      "dependentId": "/react-scripts/4.0.3",
      "name": "css-loader",
      "rawSpec": "4.3.0"
    }
  },
  "130 debug pnpm:progress": {
    "packageId": "registry.npmjs.org/css-loader/4.3.0",
    "requester": "/home/workspace/reactjs/coding-practices/planetsApp",
    "status": "resolved"
  },
  "131 debug pnpm:progress": {
    "packageId": "registry.npmjs.org/find-versions/4.0.0",
    "requester": "/home/workspace/reactjs/coding-practices/planetsApp",
    "status": "found_in_store"
  },
  "132 debug pnpm:progress": {
    "packageId": "registry.npmjs.org/ci-info/2.0.0",
    "requester": "/home/workspace/reactjs/coding-practices/planetsApp",
    "status": "found_in_store"
  },
  "133 debug pnpm:progress": {
    "packageId": "registry.npmjs.org/shell-quote/1.8.1",
    "requester": "/home/workspace/reactjs/coding-practices/planetsApp",
    "status": "found_in_store"
  },
  "134 debug pnpm:progress": {
    "packageId": "registry.npmjs.org/babel-loader/8.1.0",
    "requester": "/home/workspace/reactjs/coding-practices/planetsApp",
    "status": "found_in_store"
  },
  "135 debug pnpm:_dependency_resolved": {
    "resolution": "registry.npmjs.org/dotenv-expand/5.1.0",
    "wanted": {
      "dependentId": "/react-scripts/4.0.3",
      "name": "dotenv-expand",
      "rawSpec": "5.1.0"
    }
  },
  "136 debug pnpm:progress": {
    "packageId": "registry.npmjs.org/dotenv-expand/5.1.0",
    "requester": "/home/workspace/reactjs/coding-practices/planetsApp",
    "status": "resolved"
  },
  "137 debug pnpm:_dependency_resolved": {
    "resolution": "registry.npmjs.org/dotenv/8.2.0",
    "wanted": {
      "dependentId": "/react-scripts/4.0.3",
      "name": "dotenv",
      "rawSpec": "8.2.0"
    }
  },
  "138 debug pnpm:progress": {
    "packageId": "registry.npmjs.org/dotenv/8.2.0",
    "requester": "/home/workspace/reactjs/coding-practices/planetsApp",
    "status": "resolved"
  },
  "139 debug pnpm:progress": {
    "packageId": "registry.npmjs.org/case-sensitive-paths-webpack-plugin/2.3.0",
    "requester": "/home/workspace/reactjs/coding-practices/planetsApp",
    "status": "found_in_store"
  },
  "140 debug pnpm:_dependency_resolved": {
    "resolution": "registry.npmjs.org/cosmiconfig/7.1.0",
    "wanted": {
      "dependentId": "/husky/4.3.8",
      "name": "cosmiconfig",
      "rawSpec": "^7.0.0"
    }
  },
  "141 debug pnpm:progress": {
    "packageId": "registry.npmjs.org/cosmiconfig/7.1.0",
    "requester": "/home/workspace/reactjs/coding-practices/planetsApp",
    "status": "resolved"
  },
  "142 debug pnpm:_dependency_resolved": {
    "resolution": "registry.npmjs.org/string.prototype.padend/3.1.4",
    "wanted": {
      "dependentId": "/npm-run-all/4.1.5",
      "name": "string.prototype.padend",
      "rawSpec": "^3.0.0"
    }
  },
  "143 debug pnpm:progress": {
    "packageId": "registry.npmjs.org/string.prototype.padend/3.1.4",
    "requester": "/home/workspace/reactjs/coding-practices/planetsApp",
    "status": "resolved"
  },
  "144 debug pnpm:_dependency_resolved": {
    "resolution": "registry.npmjs.org/ansi-styles/3.2.1",
    "wanted": {
      "dependentId": "/npm-run-all/4.1.5",
      "name": "ansi-styles",
      "rawSpec": "^3.2.1"
    }
  },
  "145 debug pnpm:progress": {
    "packageId": "registry.npmjs.org/ansi-styles/3.2.1",
    "requester": "/home/workspace/reactjs/coding-practices/planetsApp",
    "status": "resolved"
  },
  "146 debug pnpm:progress": {
    "packageId": "registry.npmjs.org/css-loader/4.3.0",
    "requester": "/home/workspace/reactjs/coding-practices/planetsApp",
    "status": "found_in_store"
  },
  "147 debug pnpm:progress": {
    "packageId": "registry.npmjs.org/dotenv-expand/5.1.0",
    "requester": "/home/workspace/reactjs/coding-practices/planetsApp",
    "status": "found_in_store"
  },
  "148 debug pnpm:progress": {
    "packageId": "registry.npmjs.org/dotenv/8.2.0",
    "requester": "/home/workspace/reactjs/coding-practices/planetsApp",
    "status": "found_in_store"
  },
  "149 debug pnpm:progress": {
    "packageId": "registry.npmjs.org/cosmiconfig/7.1.0",
    "requester": "/home/workspace/reactjs/coding-practices/planetsApp",
    "status": "found_in_store"
  },
  "150 debug pnpm:progress": {
    "packageId": "registry.npmjs.org/string.prototype.padend/3.1.4",
    "requester": "/home/workspace/reactjs/coding-practices/planetsApp",
    "status": "found_in_store"
  },
  "151 debug pnpm:progress": {
    "packageId": "registry.npmjs.org/ansi-styles/3.2.1",
    "requester": "/home/workspace/reactjs/coding-practices/planetsApp",
    "status": "found_in_store"
  },
  "152 debug pnpm:progress": {
    "packageId": "registry.npmjs.org/react-slick/0.28.1",
    "requester": "/home/workspace/reactjs/coding-practices/planetsApp",
    "status": "fetched"
  }
}